<?xml version="1.0" encoding="UTF-8"?>
<!-- Generated by org.testng.reporters.JUnitReportReporter -->
<testsuite hostname="DESKTOP-4IMF5JU" failures="0" tests="1" name="com.google.qa.FirstTest" time="14.684" errors="0" timestamp="14 ene. 2023 17:51:35 GMT" skipped="0">
  <testcase classname="com.google.qa.FirstTest" name="f" time="14.684"/>
</testsuite> <!-- com.google.qa.FirstTest -->
